#-----------------------------------------------------------
# Vivado v2017.3 (64-bit)
# SW Build 2018833 on Wed Oct  4 19:58:22 MDT 2017
# IP Build 2016188 on Wed Oct  4 21:52:56 MDT 2017
# Start of session at: Sun Jun 19 13:50:28 2022
# Process ID: 14996
# Current directory: C:/Users/22253/Desktop/huibian/project_multi2
# Command line: vivado.exe -gui_launcher_event rodinguilauncherevent7264 C:\Users\22253\Desktop\huibian\project_multi2\project_multi2.xpr
# Log file: C:/Users/22253/Desktop/huibian/project_multi2/vivado.log
# Journal file: C:/Users/22253/Desktop/huibian/project_multi2\vivado.jou
#-----------------------------------------------------------
start_gui
open_project C:/Users/22253/Desktop/huibian/project_multi2/project_multi2.xpr
Scanning sources...
Finished scanning sources
INFO: [IP_Flow 19-234] Refreshing IP repositories
INFO: [IP_Flow 19-1704] No user IP repositories specified
INFO: [IP_Flow 19-2313] Loaded Vivado IP repository 'C:/Xilinx/Vivado/2017.3/data/ip'.
update_compile_order -fileset sources_1
exit
INFO: [Common 17-206] Exiting Vivado at Sun Jun 19 16:12:58 2022...
